<?xml version="1.0" encoding="UTF-8"?>
<!-- Generated by org.testng.reporters.JUnitXMLReporter -->
<testsuite hostname="DESKTOP-RBRG9IH" ignored="0" name="Login validation" tests="5" failures="1" timestamp="2020-03-15T11:12:50 CST" time="32.117" errors="0">
  <testcase name="Login" time="6.016" classname="wizeline.LoginValidation"/>
  <testcase name="Login" time="0.242" classname="wizeline.LoginValidation">
    <failure type="java.lang.AssertionError" message="User or password is invalid expected [true] but found [false]">
      <![CDATA[java.lang.AssertionError: User or password is invalid expected [true] but found [false]
at wizeline.LoginValidation.Login(LoginValidation.java:50)
at java.util.ArrayList.forEach(Unknown Source)
... Removed 30 stack frames]]>
    </failure>
  </testcase> <!-- Login -->
  <testcase name="Login" time="5.671" classname="wizeline.LoginValidation"/>
  <testcase name="Login" time="10.344" classname="wizeline.LoginValidation"/>
  <testcase name="Login" time="0.238" classname="wizeline.LoginValidation"/>
</testsuite> <!-- Login validation -->
