<?xml version="1.0" encoding="UTF-8"?>
<!-- Generated by org.testng.reporters.JUnitXMLReporter -->
<testsuite hostname="DESKTOP-RBRG9IH" ignored="0" name="Login validation" tests="5" failures="1" timestamp="2020-03-15T11:43:23 CST" time="32.035" errors="0">
  <testcase name="Login" time="5.981" classname="wizeline.LoginValidation"/>
  <testcase name="Login" time="0.226" classname="wizeline.LoginValidation">
    <failure type="java.lang.AssertionError" message="User or password is invalid expected [true] but found [false]">
      <![CDATA[java.lang.AssertionError: User or password is invalid expected [true] but found [false]
at wizeline.LoginValidation.Login(LoginValidation.java:48)
at java.util.ArrayList.forEach(Unknown Source)
... Removed 30 stack frames]]>
    </failure>
  </testcase> <!-- Login -->
  <testcase name="Login" time="5.68" classname="wizeline.LoginValidation"/>
  <testcase name="Login" time="10.337" classname="wizeline.LoginValidation"/>
  <testcase name="Login" time="0.22" classname="wizeline.LoginValidation"/>
</testsuite> <!-- Login validation -->
