<?xml version="1.0" encoding="UTF-8"?>
<!-- Generated by org.testng.reporters.JUnitXMLReporter -->
<testsuite hostname="DESKTOP-RBRG9IH" ignored="0" name="Login validation" tests="5" failures="1" timestamp="2020-03-15T11:14:48 CST" time="31.96" errors="0">
  <testcase name="Login" time="5.86" classname="wizeline.LoginValidation"/>
  <testcase name="Login" time="0.227" classname="wizeline.LoginValidation">
    <failure type="java.lang.AssertionError" message="User or password is invalid expected [true] but found [false]">
      <![CDATA[java.lang.AssertionError: User or password is invalid expected [true] but found [false]
at wizeline.LoginValidation.Login(LoginValidation.java:50)
at java.util.ArrayList.forEach(ArrayList.java:1257)
... Removed 34 stack frames]]>
    </failure>
  </testcase> <!-- Login -->
  <testcase name="Login" time="5.692" classname="wizeline.LoginValidation"/>
  <testcase name="Login" time="10.349" classname="wizeline.LoginValidation"/>
  <testcase name="Login" time="0.238" classname="wizeline.LoginValidation"/>
</testsuite> <!-- Login validation -->
