<?xml version="1.0" encoding="UTF-8"?>
<testng-results skipped="0" failed="0" ignored="1" total="2" passed="1">
  <reporter-output>
  </reporter-output>
  <suite name="Suite" duration-ms="20581" started-at="2020-03-15T11:49:13 CST" finished-at="2020-03-15T11:49:34 CST">
    <groups>
    </groups>
    <test name="Login validation" duration-ms="9546" started-at="2020-03-15T11:49:13 CST" finished-at="2020-03-15T11:49:23 CST">
      <class name="wizeline.LoginValidation">
        <test-method status="PASS" signature="initialize()[pri:0, instance:wizeline.LoginValidation@64bfbc86]" name="initialize" is-config="true" duration-ms="9505" started-at="2020-03-15T11:49:13 CST" finished-at="2020-03-15T11:49:23 CST">
          <reporter-output>
          </reporter-output>
        </test-method> <!-- initialize -->
        <test-method status="PASS" signature="teardown()[pri:0, instance:wizeline.LoginValidation@64bfbc86]" name="teardown" is-config="true" duration-ms="35" started-at="2020-03-15T11:49:23 CST" finished-at="2020-03-15T11:49:23 CST">
          <reporter-output>
          </reporter-output>
        </test-method> <!-- teardown -->
      </class> <!-- wizeline.LoginValidation -->
    </test> <!-- Login validation -->
    <test name="Product validation" duration-ms="11020" started-at="2020-03-15T11:49:23 CST" finished-at="2020-03-15T11:49:34 CST">
      <class name="wizeline.ProductsValidation">
        <test-method status="PASS" signature="initialize()[pri:0, instance:wizeline.ProductsValidation@370736d9]" name="initialize" is-config="true" duration-ms="9964" started-at="2020-03-15T11:49:23 CST" finished-at="2020-03-15T11:49:33 CST">
          <reporter-output>
          </reporter-output>
        </test-method> <!-- initialize -->
        <test-method status="PASS" signature="CartPageValidation(java.lang.String, java.lang.String, java.lang.String)[pri:0, instance:wizeline.ProductsValidation@370736d9]" name="CartPageValidation" duration-ms="1009" started-at="2020-03-15T11:49:33 CST" finished-at="2020-03-15T11:49:34 CST">
          <params>
            <param index="0">
              <value>
                <![CDATA[Memo]]>
              </value>
            </param>
            <param index="1">
              <value>
                <![CDATA[Pasos]]>
              </value>
            </param>
            <param index="2">
              <value>
                <![CDATA[97217]]>
              </value>
            </param>
          </params>
          <reporter-output>
          </reporter-output>
        </test-method> <!-- CartPageValidation -->
        <test-method status="PASS" signature="teardown()[pri:0, instance:wizeline.ProductsValidation@370736d9]" name="teardown" is-config="true" duration-ms="31" started-at="2020-03-15T11:49:34 CST" finished-at="2020-03-15T11:49:34 CST">
          <reporter-output>
          </reporter-output>
        </test-method> <!-- teardown -->
      </class> <!-- wizeline.ProductsValidation -->
    </test> <!-- Product validation -->
  </suite> <!-- Suite -->
</testng-results>
