-------------------------------------------------------------------------------
Test set: TestSuite
-------------------------------------------------------------------------------
Tests run: 5, Failures: 1, Errors: 0, Skipped: 0, Time elapsed: 42.371 s <<< FAILURE! - in TestSuite
Login(wizeline.LoginValidation)  Time elapsed: 0.229 s  <<< FAILURE!
java.lang.AssertionError: User or password is invalid expected [true] but found [false]
	at wizeline.LoginValidation.Login(LoginValidation.java:50)

